<?xml version="1.0" encoding="UTF-8"?>
<testsuite xmlns:xsi="http://www.w3.org/2001/XMLSchema-instance" xsi:noNamespaceSchemaLocation="https://maven.apache.org/surefire/maven-surefire-plugin/xsd/surefire-test-report-3.0.xsd" version="3.0" name="com.example.hellomaven.controller.TareasControllerTest" time="0.007" tests="0" errors="0" skipped="0" failures="0">
  <properties>
    <property name="java.specification.version" value="21"/>
    <property name="sun.jnu.encoding" value="UTF-8"/>
    <property name="java.class.path" value="/Users/itsmrjkali21/Documents/JavaProjects/hellomaven/target/test-classes:/Users/itsmrjkali21/.m2/repository/org/openjfx/javafx-controls/13/javafx-controls-13.jar:/Users/itsmrjkali21/.m2/repository/org/openjfx/javafx-graphics/13/javafx-graphics-13.jar:/Users/itsmrjkali21/.m2/repository/org/openjfx/javafx-base/13/javafx-base-13.jar:/Users/itsmrjkali21/.m2/repository/org/openjfx/javafx-fxml/13/javafx-fxml-13.jar:"/>
    <property name="java.vm.vendor" value="Homebrew"/>
    <property name="sun.arch.data.model" value="64"/>
    <property name="java.vendor.url" value="https://github.com/Homebrew/homebrew-core/issues"/>
    <property name="os.name" value="Mac OS X"/>
    <property name="java.vm.specification.version" value="21"/>
    <property name="sun.java.launcher" value="SUN_STANDARD"/>
    <property name="user.country" value="EC"/>
    <property name="sun.boot.library.path" value="/usr/local/Cellar/openjdk/21.0.1/libexec/openjdk.jdk/Contents/Home/lib"/>
    <property name="sun.java.command" value="org.apache.maven.surefire.booter.ForkedBooter /Users/itsmrjkali21/Documents/JavaProjects/hellomaven/target/surefire 2024-01-11T04-34-15_709-jvmRun1 surefire-20240111043416497_1tmp surefire_0-20240111043416497_2tmp"/>
    <property name="http.nonProxyHosts" value="local|*.local|169.254/16|*.169.254/16"/>
    <property name="jdk.debug" value="release"/>
    <property name="surefire.test.class.path" value="/Users/itsmrjkali21/Documents/JavaProjects/hellomaven/target/test-classes:/Users/itsmrjkali21/.m2/repository/org/openjfx/javafx-controls/13/javafx-controls-13.jar:/Users/itsmrjkali21/.m2/repository/org/openjfx/javafx-graphics/13/javafx-graphics-13.jar:/Users/itsmrjkali21/.m2/repository/org/openjfx/javafx-base/13/javafx-base-13.jar:/Users/itsmrjkali21/.m2/repository/org/openjfx/javafx-fxml/13/javafx-fxml-13.jar:"/>
    <property name="sun.cpu.endian" value="little"/>
    <property name="user.home" value="/Users/itsmrjkali21"/>
    <property name="user.language" value="en"/>
    <property name="java.specification.vendor" value="Oracle Corporation"/>
    <property name="jdk.module.path" value="/Users/itsmrjkali21/Documents/JavaProjects/hellomaven/target/classes:/Users/itsmrjkali21/.m2/repository/com/fasterxml/jackson/core/jackson-databind/2.16.1/jackson-databind-2.16.1.jar:/Users/itsmrjkali21/.m2/repository/com/fasterxml/jackson/core/jackson-annotations/2.16.1/jackson-annotations-2.16.1.jar:/Users/itsmrjkali21/.m2/repository/com/fasterxml/jackson/core/jackson-core/2.16.1/jackson-core-2.16.1.jar:/Users/itsmrjkali21/.m2/repository/org/openjfx/javafx-controls/13/javafx-controls-13-mac.jar:/Users/itsmrjkali21/.m2/repository/org/openjfx/javafx-graphics/13/javafx-graphics-13-mac.jar:/Users/itsmrjkali21/.m2/repository/org/openjfx/javafx-base/13/javafx-base-13-mac.jar:/Users/itsmrjkali21/.m2/repository/org/openjfx/javafx-fxml/13/javafx-fxml-13-mac.jar"/>
    <property name="java.version.date" value="2023-10-17"/>
    <property name="java.home" value="/usr/local/Cellar/openjdk/21.0.1/libexec/openjdk.jdk/Contents/Home"/>
    <property name="file.separator" value="/"/>
    <property name="basedir" value="/Users/itsmrjkali21/Documents/JavaProjects/hellomaven"/>
    <property name="java.vm.compressedOopsMode" value="Zero based"/>
    <property name="line.separator" value="&#10;"/>
    <property name="java.vm.specification.vendor" value="Oracle Corporation"/>
    <property name="java.specification.name" value="Java Platform API Specification"/>
    <property name="apple.awt.application.name" value="ForkedBooter"/>
    <property name="surefire.real.class.path" value="/Users/itsmrjkali21/.m2/repository/org/apache/maven/surefire/surefire-booter/3.2.2/surefire-booter-3.2.2.jar:/Users/itsmrjkali21/.m2/repository/org/apache/maven/surefire/surefire-api/3.2.2/surefire-api-3.2.2.jar:/Users/itsmrjkali21/.m2/repository/org/apache/maven/surefire/surefire-logger-api/3.2.2/surefire-logger-api-3.2.2.jar:/Users/itsmrjkali21/.m2/repository/org/apache/maven/surefire/surefire-shared-utils/3.2.2/surefire-shared-utils-3.2.2.jar:/Users/itsmrjkali21/.m2/repository/org/apache/maven/surefire/surefire-extensions-spi/3.2.2/surefire-extensions-spi-3.2.2.jar:/Users/itsmrjkali21/Documents/JavaProjects/hellomaven/target/test-classes:/Users/itsmrjkali21/.m2/repository/org/openjfx/javafx-controls/13/javafx-controls-13.jar:/Users/itsmrjkali21/.m2/repository/org/openjfx/javafx-graphics/13/javafx-graphics-13.jar:/Users/itsmrjkali21/.m2/repository/org/openjfx/javafx-base/13/javafx-base-13.jar:/Users/itsmrjkali21/.m2/repository/org/openjfx/javafx-fxml/13/javafx-fxml-13.jar:/Users/itsmrjkali21/.m2/repository/org/apache/maven/surefire/surefire-junit3/3.2.2/surefire-junit3-3.2.2.jar:/Users/itsmrjkali21/.m2/repository/org/apache/maven/surefire/common-java5/3.2.2/common-java5-3.2.2.jar:/Users/itsmrjkali21/.m2/repository/org/apache/maven/surefire/common-junit3/3.2.2/common-junit3-3.2.2.jar"/>
    <property name="sun.management.compiler" value="HotSpot 64-Bit Tiered Compilers"/>
    <property name="ftp.nonProxyHosts" value="local|*.local|169.254/16|*.169.254/16"/>
    <property name="java.runtime.version" value="21.0.1"/>
    <property name="user.name" value="itsmrjkali21"/>
    <property name="stdout.encoding" value="UTF-8"/>
    <property name="path.separator" value=":"/>
    <property name="os.version" value="14.1.1"/>
    <property name="java.runtime.name" value="OpenJDK Runtime Environment"/>
    <property name="file.encoding" value="UTF-8"/>
    <property name="java.vm.name" value="OpenJDK 64-Bit Server VM"/>
    <property name="java.vendor.version" value="Homebrew"/>
    <property name="localRepository" value="/Users/itsmrjkali21/.m2/repository"/>
    <property name="java.vendor.url.bug" value="https://github.com/Homebrew/homebrew-core/issues"/>
    <property name="java.io.tmpdir" value="/var/folders/hq/sy4m54jn7l5b2v0yd35r5cwm0000gp/T/"/>
    <property name="java.version" value="21.0.1"/>
    <property name="user.dir" value="/Users/itsmrjkali21/Documents/JavaProjects/hellomaven"/>
    <property name="os.arch" value="x86_64"/>
    <property name="java.vm.specification.name" value="Java Virtual Machine Specification"/>
    <property name="native.encoding" value="UTF-8"/>
    <property name="java.library.path" value="/Users/itsmrjkali21/Library/Java/Extensions:/Library/Java/Extensions:/Network/Library/Java/Extensions:/System/Library/Java/Extensions:/usr/lib/java:."/>
    <property name="java.vm.info" value="mixed mode"/>
    <property name="stderr.encoding" value="UTF-8"/>
    <property name="java.vendor" value="Homebrew"/>
    <property name="java.vm.version" value="21.0.1"/>
    <property name="sun.io.unicode.encoding" value="UnicodeBig"/>
    <property name="socksNonProxyHosts" value="local|*.local|169.254/16|*.169.254/16"/>
    <property name="java.class.version" value="65.0"/>
  </properties>
</testsuite>